<?xml version="1.0" encoding="UTF-8"?>
<!-- Generated by org.testng.reporters.JUnitReportReporter -->
<testsuite skipped="0" hostname="IBM286-PBD1Z5V" name="com.mendix.test.LoginScript" tests="7" failures="0" timestamp="22 Jan 2019 00:33:44 GMT" time="24.905" errors="0">
  <testcase name="openBrowser" time="2.760" classname="com.mendix.test.LoginScript"/>
  <testcase name="openBrowser" time="2.649" classname="com.mendix.test.LoginScript"/>
  <testcase name="loginAsLDR" time="5.278" classname="com.mendix.test.LoginScript"/>
  <testcase name="openBrowser" time="3.780" classname="com.mendix.test.LoginScript"/>
  <testcase name="loginAsLDR" time="5.288" classname="com.mendix.test.LoginScript"/>
  <testcase name="loginAsGDA" time="5.106" classname="com.mendix.test.LoginScript"/>
  <testcase name="tasKill" time="0.044" classname="com.mendix.test.LoginScript"/>
</testsuite> <!-- com.mendix.test.LoginScript -->
