<?xml version="1.0" encoding="UTF-8"?>
<!-- Generated by org.testng.reporters.JUnitReportReporter -->
<testsuite skipped="0" hostname="IBM286-PBD1Z5V" name="com.mendix.test.VendorScript" tests="2" failures="0" timestamp="28 Dec 2018 11:30:48 GMT" time="56.439" errors="0">
  <testcase name="Vendor_Create_Fill_In_Data_JDE_Bank" time="33.526" classname="com.mendix.test.VendorScript"/>
  <testcase name="Vendor_Create_Fill_In_Questionnaire" time="22.913" classname="com.mendix.test.VendorScript"/>
</testsuite> <!-- com.mendix.test.VendorScript -->
